android/app/build/intermediates/manifest_merge_blame_file/devRelease/manifest-merger-blame-dev-release-report.txt
1<?xml version="1.0" encoding="utf-8"?>
2<manifest xmlns:android="http://schemas.android.com/apk/res/android"
3    package="com.example.assets_test"
4    android:versionCode="1"
5    android:versionName="1.0.0--dev" >
6
7    <uses-sdk
8        android:minSdkVersion="21"
8-->src\main\AndroidManifest.xml
9        android:targetSdkVersion="33" />
9-->src\main\AndroidManifest.xml
10
11    <uses-permission android:name="android.permission.INTERNET" />
11-->src\main\AndroidManifest.xml:2:5-66
11-->src\main\AndroidManifest.xml:2:22-64
12    <uses-permission android:name="android.permission.CAMERA" />
12-->src\main\AndroidManifest.xml:3:5-65
12-->src\main\AndroidManifest.xml:3:22-62
13    <uses-permission android:name="android.permission.READ_EXTERNAL_STORAGE" />
13-->[:file_picker] AndroidManifest.xml:9:5-80
13-->[:file_picker] AndroidManifest.xml:9:22-77
14
15    <queries>
15-->[:file_picker] AndroidManifest.xml:11:5-17:15
16        <intent>
16-->[:file_picker] AndroidManifest.xml:12:9-16:18
17            <action android:name="android.intent.action.GET_CONTENT" />
17-->[:file_picker] AndroidManifest.xml:13:13-72
17-->[:file_picker] AndroidManifest.xml:13:21-69
18
19            <data android:mimeType="*/*" />
19-->[:file_picker] AndroidManifest.xml:15:13-44
19-->[:file_picker] AndroidManifest.xml:15:19-41
20        </intent>
21    </queries>
22
23    <uses-permission android:name="android.permission.ACCESS_NETWORK_STATE" />
23-->[com.google.android.gms:play-services-measurement:17.4.3] AndroidManifest.xml:24:5-79
23-->[com.google.android.gms:play-services-measurement:17.4.3] AndroidManifest.xml:24:22-76
24    <uses-permission android:name="android.permission.WAKE_LOCK" />
24-->[com.google.android.gms:play-services-measurement:17.4.3] AndroidManifest.xml:25:5-68
24-->[com.google.android.gms:play-services-measurement:17.4.3] AndroidManifest.xml:25:22-65
25    <uses-permission android:name="com.google.android.finsky.permission.BIND_GET_INSTALL_REFERRER_SERVICE" /> <!-- Required by older versions of Google Play services to create IID tokens -->
25-->[com.google.android.gms:play-services-measurement:17.4.3] AndroidManifest.xml:26:5-110
25-->[com.google.android.gms:play-services-measurement:17.4.3] AndroidManifest.xml:26:22-107
26    <uses-permission android:name="com.google.android.c2dm.permission.RECEIVE" />
26-->[com.google.firebase:firebase-iid:20.1.5] AndroidManifest.xml:26:5-82
26-->[com.google.firebase:firebase-iid:20.1.5] AndroidManifest.xml:26:22-79
27
28    <permission
28-->[androidx.core:core:1.10.1] AndroidManifest.xml:22:5-24:47
29        android:name="com.example.assets_test.DYNAMIC_RECEIVER_NOT_EXPORTED_PERMISSION"
29-->[androidx.core:core:1.10.1] AndroidManifest.xml:23:9-81
30        android:protectionLevel="signature" />
30-->[androidx.core:core:1.10.1] AndroidManifest.xml:24:9-44
31
32    <uses-permission android:name="com.example.assets_test.DYNAMIC_RECEIVER_NOT_EXPORTED_PERMISSION" /> <!-- <uses-feature android:name="android.hardware.camera" /> -->
32-->[androidx.core:core:1.10.1] AndroidManifest.xml:26:5-97
32-->[androidx.core:core:1.10.1] AndroidManifest.xml:26:22-94
33    <application
34        android:name="io.flutter.app.FlutterMultiDexApplication"
34-->src\main\AndroidManifest.xml:7:9-42
35        android:appComponentFactory="androidx.core.app.CoreComponentFactory"
35-->[androidx.core:core:1.10.1] AndroidManifest.xml:28:18-86
36        android:icon="@mipmap/ic_launcher"
36-->src\main\AndroidManifest.xml:8:9-43
37        android:label="assets_test" >
37-->src\main\AndroidManifest.xml:6:9-36
38        <activity
38-->src\main\AndroidManifest.xml:9:9-29:20
39            android:name="com.example.assets_test.MainActivity"
39-->src\main\AndroidManifest.xml:10:13-41
40            android:configChanges="orientation|keyboardHidden|keyboard|screenSize|smallestScreenSize|locale|layoutDirection|fontScale|screenLayout|density|uiMode"
40-->src\main\AndroidManifest.xml:14:13-163
41            android:exported="true"
41-->src\main\AndroidManifest.xml:11:13-36
42            android:hardwareAccelerated="true"
42-->src\main\AndroidManifest.xml:15:13-47
43            android:launchMode="singleTop"
43-->src\main\AndroidManifest.xml:12:13-43
44            android:theme="@style/LaunchTheme"
44-->src\main\AndroidManifest.xml:13:13-47
45            android:windowSoftInputMode="adjustResize" >
45-->src\main\AndroidManifest.xml:16:13-55
46
47            <!--
48                 Specifies an Android theme to apply to this Activity as soon as
49                 the Android process has started. This theme is visible to the user
50                 while the Flutter UI initializes. After that, this theme continues
51                 to determine the Window background behind the Flutter UI.
52            -->
53            <meta-data
53-->src\main\AndroidManifest.xml:21:13-24:17
54                android:name="io.flutter.embedding.android.NormalTheme"
54-->src\main\AndroidManifest.xml:22:15-70
55                android:resource="@style/NormalTheme" />
55-->src\main\AndroidManifest.xml:23:15-52
56
57            <intent-filter>
57-->src\main\AndroidManifest.xml:25:13-28:29
58                <action android:name="android.intent.action.MAIN" />
58-->src\main\AndroidManifest.xml:26:17-68
58-->src\main\AndroidManifest.xml:26:25-66
59
60                <category android:name="android.intent.category.LAUNCHER" />
60-->src\main\AndroidManifest.xml:27:17-76
60-->src\main\AndroidManifest.xml:27:27-74
61            </intent-filter>
62        </activity>
63        <!--
64             Don't delete the meta-data below.
65             This is used by the Flutter tool to generate GeneratedPluginRegistrant.java
66        -->
67        <meta-data
67-->src\main\AndroidManifest.xml:32:9-34:33
68            android:name="flutterEmbedding"
68-->src\main\AndroidManifest.xml:33:13-44
69            android:value="2" />
69-->src\main\AndroidManifest.xml:34:13-30
70
71        <provider
71-->[:image_picker_android] AndroidManifest.xml:10:9-18:20
72            android:name="io.flutter.plugins.imagepicker.ImagePickerFileProvider"
72-->[:image_picker_android] AndroidManifest.xml:11:13-82
73            android:authorities="com.example.assets_test.flutter.image_provider"
73-->[:image_picker_android] AndroidManifest.xml:12:13-74
74            android:exported="false"
74-->[:image_picker_android] AndroidManifest.xml:13:13-37
75            android:grantUriPermissions="true" >
75-->[:image_picker_android] AndroidManifest.xml:14:13-47
76            <meta-data
76-->[:image_picker_android] AndroidManifest.xml:15:13-17:75
77                android:name="android.support.FILE_PROVIDER_PATHS"
77-->[:image_picker_android] AndroidManifest.xml:16:17-67
78                android:resource="@xml/flutter_image_picker_file_paths" />
78-->[:image_picker_android] AndroidManifest.xml:17:17-72
79        </provider>
80
81        <receiver
81-->[com.google.android.gms:play-services-measurement:17.4.3] AndroidManifest.xml:29:9-33:20
82            android:name="com.google.android.gms.measurement.AppMeasurementReceiver"
82-->[com.google.android.gms:play-services-measurement:17.4.3] AndroidManifest.xml:30:13-85
83            android:enabled="true"
83-->[com.google.android.gms:play-services-measurement:17.4.3] AndroidManifest.xml:31:13-35
84            android:exported="false" >
84-->[com.google.android.gms:play-services-measurement:17.4.3] AndroidManifest.xml:32:13-37
85        </receiver>
86
87        <service
87-->[com.google.android.gms:play-services-measurement:17.4.3] AndroidManifest.xml:35:9-38:40
88            android:name="com.google.android.gms.measurement.AppMeasurementService"
88-->[com.google.android.gms:play-services-measurement:17.4.3] AndroidManifest.xml:36:13-84
89            android:enabled="true"
89-->[com.google.android.gms:play-services-measurement:17.4.3] AndroidManifest.xml:37:13-35
90            android:exported="false" />
90-->[com.google.android.gms:play-services-measurement:17.4.3] AndroidManifest.xml:38:13-37
91        <service
91-->[com.google.android.gms:play-services-measurement:17.4.3] AndroidManifest.xml:39:9-43:72
92            android:name="com.google.android.gms.measurement.AppMeasurementJobService"
92-->[com.google.android.gms:play-services-measurement:17.4.3] AndroidManifest.xml:40:13-87
93            android:enabled="true"
93-->[com.google.android.gms:play-services-measurement:17.4.3] AndroidManifest.xml:41:13-35
94            android:exported="false"
94-->[com.google.android.gms:play-services-measurement:17.4.3] AndroidManifest.xml:42:13-37
95            android:permission="android.permission.BIND_JOB_SERVICE" />
95-->[com.google.android.gms:play-services-measurement:17.4.3] AndroidManifest.xml:43:13-69
96        <service
96-->[com.google.android.gms:play-services-measurement-api:17.4.3] AndroidManifest.xml:27:9-33:19
97            android:name="com.google.firebase.components.ComponentDiscoveryService"
97-->[com.google.android.gms:play-services-measurement-api:17.4.3] AndroidManifest.xml:28:13-84
98            android:directBootAware="true"
98-->[com.google.firebase:firebase-common:19.3.0] AndroidManifest.xml:34:13-43
99            android:exported="false" >
99-->[com.google.android.gms:play-services-measurement-api:17.4.3] AndroidManifest.xml:29:13-37
100            <meta-data
100-->[com.google.android.gms:play-services-measurement-api:17.4.3] AndroidManifest.xml:30:13-32:85
101                android:name="com.google.firebase.components:com.google.firebase.analytics.connector.internal.AnalyticsConnectorRegistrar"
101-->[com.google.android.gms:play-services-measurement-api:17.4.3] AndroidManifest.xml:31:17-139
102                android:value="com.google.firebase.components.ComponentRegistrar" />
102-->[com.google.android.gms:play-services-measurement-api:17.4.3] AndroidManifest.xml:32:17-82
103            <meta-data
103-->[com.google.firebase:firebase-iid:20.1.5] AndroidManifest.xml:32:13-34:85
104                android:name="com.google.firebase.components:com.google.firebase.iid.Registrar"
104-->[com.google.firebase:firebase-iid:20.1.5] AndroidManifest.xml:33:17-96
105                android:value="com.google.firebase.components.ComponentRegistrar" />
105-->[com.google.firebase:firebase-iid:20.1.5] AndroidManifest.xml:34:17-82
106            <meta-data
106-->[com.google.firebase:firebase-installations:16.2.1] AndroidManifest.xml:17:13-19:85
107                android:name="com.google.firebase.components:com.google.firebase.installations.FirebaseInstallationsRegistrar"
107-->[com.google.firebase:firebase-installations:16.2.1] AndroidManifest.xml:18:17-127
108                android:value="com.google.firebase.components.ComponentRegistrar" />
108-->[com.google.firebase:firebase-installations:16.2.1] AndroidManifest.xml:19:17-82
109        </service>
110
111        <receiver
111-->[com.google.firebase:firebase-iid:20.1.5] AndroidManifest.xml:37:9-44:20
112            android:name="com.google.firebase.iid.FirebaseInstanceIdReceiver"
112-->[com.google.firebase:firebase-iid:20.1.5] AndroidManifest.xml:38:13-78
113            android:exported="true"
113-->[com.google.firebase:firebase-iid:20.1.5] AndroidManifest.xml:39:13-36
114            android:permission="com.google.android.c2dm.permission.SEND" >
114-->[com.google.firebase:firebase-iid:20.1.5] AndroidManifest.xml:40:13-73
115            <intent-filter>
115-->[com.google.firebase:firebase-iid:20.1.5] AndroidManifest.xml:41:13-43:29
116                <action android:name="com.google.android.c2dm.intent.RECEIVE" />
116-->[com.google.firebase:firebase-iid:20.1.5] AndroidManifest.xml:42:17-81
116-->[com.google.firebase:firebase-iid:20.1.5] AndroidManifest.xml:42:25-78
117            </intent-filter>
118        </receiver>
119
120        <provider
120-->[com.google.firebase:firebase-common:19.3.0] AndroidManifest.xml:26:9-30:39
121            android:name="com.google.firebase.provider.FirebaseInitProvider"
121-->[com.google.firebase:firebase-common:19.3.0] AndroidManifest.xml:27:13-77
122            android:authorities="com.example.assets_test.firebaseinitprovider"
122-->[com.google.firebase:firebase-common:19.3.0] AndroidManifest.xml:28:13-72
123            android:exported="false"
123-->[com.google.firebase:firebase-common:19.3.0] AndroidManifest.xml:29:13-37
124            android:initOrder="100" />
124-->[com.google.firebase:firebase-common:19.3.0] AndroidManifest.xml:30:13-36
125
126        <activity
126-->[com.google.android.gms:play-services-base:17.0.0] AndroidManifest.xml:23:9-26:75
127            android:name="com.google.android.gms.common.api.GoogleApiActivity"
127-->[com.google.android.gms:play-services-base:17.0.0] AndroidManifest.xml:24:13-79
128            android:exported="false"
128-->[com.google.android.gms:play-services-base:17.0.0] AndroidManifest.xml:25:13-37
129            android:theme="@android:style/Theme.Translucent.NoTitleBar" />
129-->[com.google.android.gms:play-services-base:17.0.0] AndroidManifest.xml:26:13-72
130
131        <meta-data
131-->[com.google.android.gms:play-services-basement:17.0.0] AndroidManifest.xml:23:9-25:69
132            android:name="com.google.android.gms.version"
132-->[com.google.android.gms:play-services-basement:17.0.0] AndroidManifest.xml:24:13-58
133            android:value="@integer/google_play_services_version" />
133-->[com.google.android.gms:play-services-basement:17.0.0] AndroidManifest.xml:25:13-66
134
135        <uses-library
135-->[androidx.window:window:1.0.0-beta04] AndroidManifest.xml:25:9-27:40
136            android:name="androidx.window.extensions"
136-->[androidx.window:window:1.0.0-beta04] AndroidManifest.xml:26:13-54
137            android:required="false" />
137-->[androidx.window:window:1.0.0-beta04] AndroidManifest.xml:27:13-37
138        <uses-library
138-->[androidx.window:window:1.0.0-beta04] AndroidManifest.xml:28:9-30:40
139            android:name="androidx.window.sidecar"
139-->[androidx.window:window:1.0.0-beta04] AndroidManifest.xml:29:13-51
140            android:required="false" />
140-->[androidx.window:window:1.0.0-beta04] AndroidManifest.xml:30:13-37
141
142        <provider
142-->[androidx.profileinstaller:profileinstaller:1.3.0] AndroidManifest.xml:24:9-32:20
143            android:name="androidx.startup.InitializationProvider"
143-->[androidx.profileinstaller:profileinstaller:1.3.0] AndroidManifest.xml:25:13-67
144            android:authorities="com.example.assets_test.androidx-startup"
144-->[androidx.profileinstaller:profileinstaller:1.3.0] AndroidManifest.xml:26:13-68
145            android:exported="false" >
145-->[androidx.profileinstaller:profileinstaller:1.3.0] AndroidManifest.xml:27:13-37
146            <meta-data
146-->[androidx.profileinstaller:profileinstaller:1.3.0] AndroidManifest.xml:29:13-31:52
147                android:name="androidx.profileinstaller.ProfileInstallerInitializer"
147-->[androidx.profileinstaller:profileinstaller:1.3.0] AndroidManifest.xml:30:17-85
148                android:value="androidx.startup" />
148-->[androidx.profileinstaller:profileinstaller:1.3.0] AndroidManifest.xml:31:17-49
149        </provider>
150
151        <receiver
151-->[androidx.profileinstaller:profileinstaller:1.3.0] AndroidManifest.xml:34:9-52:20
152            android:name="androidx.profileinstaller.ProfileInstallReceiver"
152-->[androidx.profileinstaller:profileinstaller:1.3.0] AndroidManifest.xml:35:13-76
153            android:directBootAware="false"
153-->[androidx.profileinstaller:profileinstaller:1.3.0] AndroidManifest.xml:36:13-44
154            android:enabled="true"
154-->[androidx.profileinstaller:profileinstaller:1.3.0] AndroidManifest.xml:37:13-35
155            android:exported="true"
155-->[androidx.profileinstaller:profileinstaller:1.3.0] AndroidManifest.xml:38:13-36
156            android:permission="android.permission.DUMP" >
156-->[androidx.profileinstaller:profileinstaller:1.3.0] AndroidManifest.xml:39:13-57
157            <intent-filter>
157-->[androidx.profileinstaller:profileinstaller:1.3.0] AndroidManifest.xml:40:13-42:29
158                <action android:name="androidx.profileinstaller.action.INSTALL_PROFILE" />
158-->[androidx.profileinstaller:profileinstaller:1.3.0] AndroidManifest.xml:41:17-91
158-->[androidx.profileinstaller:profileinstaller:1.3.0] AndroidManifest.xml:41:25-88
159            </intent-filter>
160            <intent-filter>
160-->[androidx.profileinstaller:profileinstaller:1.3.0] AndroidManifest.xml:43:13-45:29
161                <action android:name="androidx.profileinstaller.action.SKIP_FILE" />
161-->[androidx.profileinstaller:profileinstaller:1.3.0] AndroidManifest.xml:44:17-85
161-->[androidx.profileinstaller:profileinstaller:1.3.0] AndroidManifest.xml:44:25-82
162            </intent-filter>
163            <intent-filter>
163-->[androidx.profileinstaller:profileinstaller:1.3.0] AndroidManifest.xml:46:13-48:29
164                <action android:name="androidx.profileinstaller.action.SAVE_PROFILE" />
164-->[androidx.profileinstaller:profileinstaller:1.3.0] AndroidManifest.xml:47:17-88
164-->[androidx.profileinstaller:profileinstaller:1.3.0] AndroidManifest.xml:47:25-85
165            </intent-filter>
166            <intent-filter>
166-->[androidx.profileinstaller:profileinstaller:1.3.0] AndroidManifest.xml:49:13-51:29
167                <action android:name="androidx.profileinstaller.action.BENCHMARK_OPERATION" />
167-->[androidx.profileinstaller:profileinstaller:1.3.0] AndroidManifest.xml:50:17-95
167-->[androidx.profileinstaller:profileinstaller:1.3.0] AndroidManifest.xml:50:25-92
168            </intent-filter>
169        </receiver>
170    </application>
171
172</manifest>